<?xml version="1.0" encoding="UTF-8"?>
<!-- Generated by org.testng.reporters.JUnitReportReporter -->
<testsuite skipped="0" hostname="LAPTOP-82S0RTBN" name="study.TestHelloWorld" tests="1" failures="0" timestamp="2022-01-22T21:51:07 IST" time="0.002" errors="0">
  <testcase name="testHelloWorld" time="0.002" classname="study.TestHelloWorld"/>
  <system-out/>
</testsuite> <!-- study.TestHelloWorld -->
